<?xml version="1.0" encoding="UTF-8"?>
<testsuite xmlns:xsi="http://www.w3.org/2001/XMLSchema-instance" xsi:noNamespaceSchemaLocation="https://maven.apache.org/surefire/maven-surefire-plugin/xsd/surefire-test-report.xsd" name="com.intuit.karate.junit4.KarateJunitTest" time="43.469" tests="2" errors="0" skipped="0" failures="1">
  <properties>
[...]
</properties>
  <testcase name="testAll" classname="com.intuit.karate.junit4.KarateJunitTest" time="43.279">
    <failure message="http call failed after 42527 milliseconds for url: https://api-rtf-dh.mdb.com.br/mdb-rf-dev-b2b-eapi/BOOrderIntegration/BOOrderIntegration&#10;classpath:com/intuit/karate/junit4/xml/pedido_faturado.feature:23 expected:&lt;0&gt; but was:&lt;1&gt;" type="java.lang.AssertionError"><![CDATA[java.lang.AssertionError: 
http call failed after 42527 milliseconds for url: https://api-rtf-dh.mdb.com.br/mdb-rf-dev-b2b-eapi/BOOrderIntegration/BOOrderIntegration
classpath:com/intuit/karate/junit4/xml/pedido_faturado.feature:23 expected:<0> but was:<1>
	at com.intuit.karate.junit4.KarateJunitTest.testAll(KarateJunitTest.java:21)
]]></failure>
    <system-out><![CDATA[19:47:02.331 [main] INFO  com.intuit.karate.Runner - using system property 'karate.options': -t @pedido_faturado
19:47:02.578 [main] DEBUG com.intuit.karate.Suite - [config] classpath:karate-base.js
19:47:02.578 [main] DEBUG com.intuit.karate.Suite - [config] classpath:karate-config.js
19:47:02.580 [main] INFO  com.intuit.karate.Suite - backed up existing 'target\karate-reports' dir to: target\karate-reports_1668552422580
19:47:02.582 [main] DEBUG com.intuit.karate.Suite - waiting for 32 features to complete
19:47:02.816 [pool-1-thread-1] INFO  com.intuit.karate - [print] #################################### 
19:47:02.817 [pool-1-thread-1] INFO  com.intuit.karate - [print] 810646485 
---------------------------------------------------------
feature: classpath:com/intuit/karate/junit4/demos/outline-dynamic-callonce.feature
scenarios:  1 | passed:  1 | failed:  0 | time: 0,0004
---------------------------------------------------------

19:47:02.915 [pool-2-thread-1] INFO  com.intuit.karate.Suite - <<pass>> feature 13 of 32 (19 remaining) classpath:com/intuit/karate/junit4/demos/outline-dynamic-callonce.feature
19:47:03.319 [pool-1-thread-1] DEBUG com.intuit.karate - request:
1 > POST https://api-rtf-dh.mdb.com.br/mdb-rf-dev-b2b-eapi/BOOrderIntegration/BOOrderIntegration
1 > Authorization: Basic MDcyMDY4MTYwMDc2MzI6dGVzdGUxMjM=
1 > SOAPAction: 
1 > Content-Type: text/xml; charset=UTF-8
1 > Content-Length: 8604
1 > Host: api-rtf-dh.mdb.com.br
1 > Connection: Keep-Alive
1 > User-Agent: Apache-HttpClient/4.5.13 (Java/11.0.16.1)
1 > Accept-Encoding: gzip,deflate
<soapenv:Envelope xmlns:soapenv="http://schemas.xmlsoap.org/soap/envelope/" xmlns:boor="http://www.accurate.com/acec/AcecBOSOAIntegration/BOOrderIntegration">
   <soapenv:Header/>
   <soapenv:Body>
      <boor:integrateOrderRequest>
         <order xmlns="http://www.accurate.com/acec/order" xmlns:ns2="http://www.accurate.com/acec/InvoiceInfo">
            <orderId>810646485</orderId>
            <totalAmount>312.81</totalAmount>
            <totalDiscountAmount>0.00</totalDiscountAmount>
            <purchaseDate>2022-10-27T13:30:54-03:00</purchaseDate>
            <sessionCreationDate>2022-10-27T13:30:54-03:00</sessionCreationDate>
            <applicationVersion>1</applicationVersion>
            <saleChannel>MDB</saleChannel>
                                    <deliveries>
               <delivery>
                  <deliveryId>1</deliveryId>
                  <orderId>810646485</orderId>
                  <totalAmount>312.81</totalAmount>
                  <totalDiscountAmount>0.00</totalDiscountAmount>
                  <orderLineList>
                                       <orderLine>
                        <sku>7896085086229C32</sku>
                        <skuType>NOR</skuType>
                        <quantity>1</quantity>
                        <catalogListPrice>104.27</catalogListPrice>
                        <listPrice>104.27</listPrice>
                        <salePrice>104.27</salePrice>
                        <unconditionalDiscountAmount>0.00</unconditionalDiscountAmount>
                        <roundingDiscountAmount>0.00</roundingDiscountAmount>
                        <promotionList>
                                                </promotionList>
                        <freight>
                           <chargedAmount>0.00</chargedAmount>
                           <actualAmount>0.00</actualAmount>
                           <commercialAmount>0.00</commercialAmount>
                           <freightTime>3</freightTime>
                           <pickupLeadTime>0</pickupLeadTime>
                           <logisticContract>NORMAL</logisticContract>
                        </freight>
                                                <service>false</service>
                        <skuName>Torrada Light Adria 142g - Caixa com 32 unida</skuName>
                        <productBrandName>Adria</productBrandName>
                     </orderLine>
                                       <orderLine>
                        <sku>7896085086205C32</sku>
                        <skuType>NOR</skuType>
                        <quantity>1</quantity>
                        <catalogListPrice>104.27</catalogListPrice>
                        <listPrice>104.27</listPrice>
                        <salePrice>104.27</salePrice>
                        <unconditionalDiscountAmount>0.00</unconditionalDiscountAmount>
                        <roundingDiscountAmount>0.00</roundingDiscountAmount>
                        <promotionList>
                                                </promotionList>
                        <freight>
                           <chargedAmount>0.00</chargedAmount>
                           <actualAmount>0.00</actualAmount>
                           <commercialAmount>0.00</commercialAmount>
                           <freightTime>3</freightTime>
                           <pickupLeadTime>0</pickupLeadTime>
                           <logisticContract>NORMAL</logisticContract>
                        </freight>
                                                <service>false</service>
                        <skuName>Torrada Tradicional Adria 142g - Caixa com 32</skuName>
                        <productBrandName>Adria</productBrandName>
                     </orderLine>
                                       <orderLine>
                        <sku>7896085086212C32</sku>
                        <skuType>NOR</skuType>
                        <quantity>1</quantity>
                        <catalogListPrice>104.27</catalogListPrice>
                        <listPrice>104.27</listPrice>
                        <salePrice>104.27</salePrice>
                        <unconditionalDiscountAmount>0.00</unconditionalDiscountAmount>
                        <roundingDiscountAmount>0.00</roundingDiscountAmount>
                        <promotionList>
                                                </promotionList>
                        <freight>
                           <chargedAmount>0.00</chargedAmount>
                           <actualAmount>0.00</actualAmount>
                           <commercialAmount>0.00</commercialAmount>
                           <freightTime>3</freightTime>
                           <pickupLeadTime>0</pickupLeadTime>
                           <logisticContract>NORMAL</logisticContract>
                        </freight>
                                                <service>false</service>
                        <skuName>Torrada Integral Adria 142g - Caixa com 32 un</skuName>
                        <productBrandName>Adria</productBrandName>
                     </orderLine>
                                    </orderLineList>
                  <freightAmount>
                     <chargedAmount>0.00</chargedAmount>
                     <actualAmount>0.00</actualAmount>
                     <commercialAmount>0.00</commercialAmount>
                     <freightTime>3</freightTime>
                     <pickupLeadTime>0</pickupLeadTime>
                     <logisticContract>NORMAL</logisticContract>
                  </freightAmount>
                  <wareHouseCNPJ>0</wareHouseCNPJ>
                  <deliveryAddress>
                     <addressId>53920</addressId>
                     <recipientNm>J.M PEREIRA JUNIOR CIA LTDA</recipientNm>
                     <address>RUA JACATIRAO</address>
                     <addressNr>350</addressNr>
                     <quarter>CAROLINA</quarter>
                     <city>DUQUE DE CAXIAS</city>
                     <state>RJ</state>
                     <countryId>BR</countryId>
                     <postalCd>25060140</postalCd>
                     <postalCdIntl>25060140</postalCdIntl>
                     <friendlyNm>J.M PEREIRA JUNIOR CIA LTDA</friendlyNm>
                     <lift>false</lift>
                     <intercom>false</intercom>
                  </deliveryAddress>
               </delivery>
            </deliveries>
            <customer>
               <customerId>29331550000175</customerId>
                              <documentNumber>29331550000175</documentNumber>
               <name>J.M PEREIRA JUNIOR CIA LTDA</name>
               <email>glicose70@gmail.com</email>
               <phoneMobile>21971632449</phoneMobile>
               <phoneOffice>21971632449</phoneOffice>
               <state_subscription>80212526</state_subscription>
               <representativeNm>J.M PEREIRA JUNIOR CIA LTDA</representativeNm>
               <createDt>2022-09-14T12:10:39-03:00</createDt>
               <updateDt>2022-09-14T12:10:39-03:00</updateDt>
            </customer>
            <billingAddress>
               <addressId>53920</addressId>
               <recipientNm>J.M PEREIRA JUNIOR CIA LTDA</recipientNm>
               <address>RUA JACATIRAO</address>
               <addressNr>350</addressNr>
               <quarter>CAROLINA</quarter>
               <city>DUQUE DE CAXIAS</city>
               <state>RJ</state>
               <countryId>BR</countryId>
               <postalCd>25060140</postalCd>
               <postalCdIntl>25060140</postalCdIntl>
               <friendlyNm>J.M PEREIRA JUNIOR CIA LTDA</friendlyNm>
               <lift>false</lift>
               <intercom>false</intercom>
            </billingAddress>
            <paymentList>
                              <payment>
                                    <abstractPayment>
                     <paymentType>CRL-28</paymentType>
                     <value>312.81</value>
                     <billType>SELLER</billType>
                  </abstractPayment>
                                 </payment>
                           </paymentList>
            <freightChargedAmount>0.00</freightChargedAmount>
            <freightActualAmount>0.00</freightActualAmount>
             <countDistinctSku>3</countDistinctSku>
         </order>
      </boor:integrateOrderRequest>
   </soapenv:Body>
</soapenv:Envelope>

19:47:45.488 [pool-1-thread-1] ERROR com.intuit.karate - org.apache.http.conn.HttpHostConnectException: Connect to api-rtf-dh.mdb.com.br:443 [api-rtf-dh.mdb.com.br/177.184.136.60, api-rtf-dh.mdb.com.br/187.28.89.60] failed: Connection timed out: connect, http call failed after 42527 milliseconds for url: https://api-rtf-dh.mdb.com.br/mdb-rf-dev-b2b-eapi/BOOrderIntegration/BOOrderIntegration
19:47:45.489 [pool-1-thread-1] ERROR com.intuit.karate - classpath:com/intuit/karate/junit4/xml/pedido_faturado.feature:23
When soap action ''
http call failed after 42527 milliseconds for url: https://api-rtf-dh.mdb.com.br/mdb-rf-dev-b2b-eapi/BOOrderIntegration/BOOrderIntegration
classpath:com/intuit/karate/junit4/xml/pedido_faturado.feature:23
---------------------------------------------------------
feature: classpath:com/intuit/karate/junit4/xml/pedido_faturado.feature
scenarios:  1 | passed:  0 | failed:  1 | time: 42,6922
---------------------------------------------------------

19:47:45.557 [pool-2-thread-1] INFO  com.intuit.karate.Suite - <<fail>> feature 32 of 32 (0 remaining) classpath:com/intuit/karate/junit4/xml/pedido_faturado.feature
Karate version: 1.3.0
======================================================
elapsed:  43,23 | threads:    5 | thread time: 42,69 
features:     2 | skipped:   30 | efficiency: 0,20
scenarios:    2 | passed:     1 | failed: 1
======================================================
>>> failed features:
http call failed after 42527 milliseconds for url: https://api-rtf-dh.mdb.com.br/mdb-rf-dev-b2b-eapi/BOOrderIntegration/BOOrderIntegration
classpath:com/intuit/karate/junit4/xml/pedido_faturado.feature:23
<<<

HTML report: (paste into browser to view) | Karate version: 1.3.0
file:///C:/automação/karate-master/karate-junit4/target/karate-reports/karate-summary.html
===================================================================

]]></system-out>
  </testcase>
  <testcase name="testCustomTags" classname="com.intuit.karate.junit4.KarateJunitTest" time="0.19"/>
</testsuite>